[33mStarting up http-server, serving [39m[36mclient[39m[33m on: [39m[36mhttp://0.0.0.0:8095[39m
Hit CTRL-C to stop the server
[Wed, 14 Oct 2015 23:25:29 GMT] "[36mGET[39m [36m/[39m" "Mozilla/5.0 (Macintosh; Intel Mac OS X 10_10_3) AppleWebKit/537.36 (KHTML, like Gecko) Chrome/45.0.2454.101 Safari/537.36"
[Wed, 14 Oct 2015 23:25:29 GMT] "[36mGET[39m [36m/assets/libs/traceur-runtime.js[39m" "Mozilla/5.0 (Macintosh; Intel Mac OS X 10_10_3) AppleWebKit/537.36 (KHTML, like Gecko) Chrome/45.0.2454.101 Safari/537.36"
[Wed, 14 Oct 2015 23:25:29 GMT] "[36mGET[39m [36m/assets/libs/es6-module-loader.js[39m" "Mozilla/5.0 (Macintosh; Intel Mac OS X 10_10_3) AppleWebKit/537.36 (KHTML, like Gecko) Chrome/45.0.2454.101 Safari/537.36"
[Wed, 14 Oct 2015 23:25:29 GMT] "[36mGET[39m [36m/assets/libs/system.src.js[39m" "Mozilla/5.0 (Macintosh; Intel Mac OS X 10_10_3) AppleWebKit/537.36 (KHTML, like Gecko) Chrome/45.0.2454.101 Safari/537.36"
[Wed, 14 Oct 2015 23:25:29 GMT] "[36mGET[39m [36m/assets/libs/angular2.dev.js[39m" "Mozilla/5.0 (Macintosh; Intel Mac OS X 10_10_3) AppleWebKit/537.36 (KHTML, like Gecko) Chrome/45.0.2454.101 Safari/537.36"
[Wed, 14 Oct 2015 23:25:29 GMT] "[36mGET[39m [36m/build/bundle.js[39m" "Mozilla/5.0 (Macintosh; Intel Mac OS X 10_10_3) AppleWebKit/537.36 (KHTML, like Gecko) Chrome/45.0.2454.101 Safari/537.36"
[Wed, 14 Oct 2015 23:25:29 GMT] "[36mGET[39m [36m/assets/libs/bootstrap.min.css[39m" "Mozilla/5.0 (Macintosh; Intel Mac OS X 10_10_3) AppleWebKit/537.36 (KHTML, like Gecko) Chrome/45.0.2454.101 Safari/537.36"
[Wed, 14 Oct 2015 23:25:39 GMT] "[36mGET[39m [36m/[39m" "Mozilla/5.0 (Macintosh; Intel Mac OS X 10_10_3) AppleWebKit/537.36 (KHTML, like Gecko) Chrome/45.0.2454.101 Safari/537.36"
[Wed, 14 Oct 2015 23:25:39 GMT] "[36mGET[39m [36m/assets/libs/traceur-runtime.js[39m" "Mozilla/5.0 (Macintosh; Intel Mac OS X 10_10_3) AppleWebKit/537.36 (KHTML, like Gecko) Chrome/45.0.2454.101 Safari/537.36"
[Wed, 14 Oct 2015 23:25:39 GMT] "[36mGET[39m [36m/assets/libs/es6-module-loader.js[39m" "Mozilla/5.0 (Macintosh; Intel Mac OS X 10_10_3) AppleWebKit/537.36 (KHTML, like Gecko) Chrome/45.0.2454.101 Safari/537.36"
[Wed, 14 Oct 2015 23:25:39 GMT] "[36mGET[39m [36m/assets/libs/system.src.js[39m" "Mozilla/5.0 (Macintosh; Intel Mac OS X 10_10_3) AppleWebKit/537.36 (KHTML, like Gecko) Chrome/45.0.2454.101 Safari/537.36"
[Wed, 14 Oct 2015 23:25:39 GMT] "[36mGET[39m [36m/assets/libs/jquery-2.1.4.min.js[39m" "Mozilla/5.0 (Macintosh; Intel Mac OS X 10_10_3) AppleWebKit/537.36 (KHTML, like Gecko) Chrome/45.0.2454.101 Safari/537.36"
[Wed, 14 Oct 2015 23:25:39 GMT] "[36mGET[39m [36m/assets/libs/angular2.dev.js[39m" "Mozilla/5.0 (Macintosh; Intel Mac OS X 10_10_3) AppleWebKit/537.36 (KHTML, like Gecko) Chrome/45.0.2454.101 Safari/537.36"
[Wed, 14 Oct 2015 23:25:39 GMT] "[36mGET[39m [36m/build/bundle.js[39m" "Mozilla/5.0 (Macintosh; Intel Mac OS X 10_10_3) AppleWebKit/537.36 (KHTML, like Gecko) Chrome/45.0.2454.101 Safari/537.36"
[Wed, 14 Oct 2015 23:25:39 GMT] "[36mGET[39m [36m/assets/libs/bootstrap.min.css[39m" "Mozilla/5.0 (Macintosh; Intel Mac OS X 10_10_3) AppleWebKit/537.36 (KHTML, like Gecko) Chrome/45.0.2454.101 Safari/537.36"
[Wed, 14 Oct 2015 23:25:39 GMT] "[36mGET[39m [36m/build/bundle.js[39m" "Mozilla/5.0 (Macintosh; Intel Mac OS X 10_10_3) AppleWebKit/537.36 (KHTML, like Gecko) Chrome/45.0.2454.101 Safari/537.36"
[Wed, 14 Oct 2015 23:25:40 GMT] "[36mGET[39m [36m/assets/img/favicon.ico[39m" "Mozilla/5.0 (Macintosh; Intel Mac OS X 10_10_3) AppleWebKit/537.36 (KHTML, like Gecko) Chrome/45.0.2454.101 Safari/537.36"
[Wed, 14 Oct 2015 23:25:40 GMT] "[31mGET[39m [31m/assets/img/favicon.ico[39m" Error ([31m404[39m): "[31mNot found[39m"
[Wed, 14 Oct 2015 23:25:45 GMT] "[36mGET[39m [36m/assets/libs/es6-module-loader.js.map[39m" "Mozilla/5.0 (Macintosh; Intel Mac OS X 10_10_3) AppleWebKit/537.36 (KHTML, like Gecko) Chrome/45.0.2454.101 Safari/537.36"
[Wed, 14 Oct 2015 23:28:09 GMT] "[36mGET[39m [36m/[39m" "Mozilla/5.0 (Macintosh; Intel Mac OS X 10_10_3) AppleWebKit/537.36 (KHTML, like Gecko) Chrome/45.0.2454.101 Safari/537.36"
[Wed, 14 Oct 2015 23:28:09 GMT] "[36mGET[39m [36m/assets/libs/traceur-runtime.js[39m" "Mozilla/5.0 (Macintosh; Intel Mac OS X 10_10_3) AppleWebKit/537.36 (KHTML, like Gecko) Chrome/45.0.2454.101 Safari/537.36"
[Wed, 14 Oct 2015 23:28:09 GMT] "[36mGET[39m [36m/assets/libs/es6-module-loader.js[39m" "Mozilla/5.0 (Macintosh; Intel Mac OS X 10_10_3) AppleWebKit/537.36 (KHTML, like Gecko) Chrome/45.0.2454.101 Safari/537.36"
[Wed, 14 Oct 2015 23:28:09 GMT] "[36mGET[39m [36m/assets/libs/system.src.js[39m" "Mozilla/5.0 (Macintosh; Intel Mac OS X 10_10_3) AppleWebKit/537.36 (KHTML, like Gecko) Chrome/45.0.2454.101 Safari/537.36"
[Wed, 14 Oct 2015 23:28:09 GMT] "[36mGET[39m [36m/assets/libs/jquery-2.1.4.min.js[39m" "Mozilla/5.0 (Macintosh; Intel Mac OS X 10_10_3) AppleWebKit/537.36 (KHTML, like Gecko) Chrome/45.0.2454.101 Safari/537.36"
[Wed, 14 Oct 2015 23:28:09 GMT] "[36mGET[39m [36m/assets/libs/angular2.dev.js[39m" "Mozilla/5.0 (Macintosh; Intel Mac OS X 10_10_3) AppleWebKit/537.36 (KHTML, like Gecko) Chrome/45.0.2454.101 Safari/537.36"
[Wed, 14 Oct 2015 23:28:09 GMT] "[36mGET[39m [36m/build/bundle.js[39m" "Mozilla/5.0 (Macintosh; Intel Mac OS X 10_10_3) AppleWebKit/537.36 (KHTML, like Gecko) Chrome/45.0.2454.101 Safari/537.36"
[Wed, 14 Oct 2015 23:28:09 GMT] "[36mGET[39m [36m/assets/libs/bootstrap.min.css[39m" "Mozilla/5.0 (Macintosh; Intel Mac OS X 10_10_3) AppleWebKit/537.36 (KHTML, like Gecko) Chrome/45.0.2454.101 Safari/537.36"
[Wed, 14 Oct 2015 23:28:09 GMT] "[36mGET[39m [36m/assets/libs/bootstrap3-typeahead.js[39m" "Mozilla/5.0 (Macintosh; Intel Mac OS X 10_10_3) AppleWebKit/537.36 (KHTML, like Gecko) Chrome/45.0.2454.101 Safari/537.36"
[Wed, 14 Oct 2015 23:28:10 GMT] "[36mGET[39m [36m/assets/img/favicon.ico[39m" "Mozilla/5.0 (Macintosh; Intel Mac OS X 10_10_3) AppleWebKit/537.36 (KHTML, like Gecko) Chrome/45.0.2454.101 Safari/537.36"
[Wed, 14 Oct 2015 23:28:10 GMT] "[31mGET[39m [31m/assets/img/favicon.ico[39m" Error ([31m404[39m): "[31mNot found[39m"
[Wed, 14 Oct 2015 23:29:47 GMT] "[36mGET[39m [36m/[39m" "Mozilla/5.0 (Macintosh; Intel Mac OS X 10_10_3) AppleWebKit/537.36 (KHTML, like Gecko) Chrome/45.0.2454.101 Safari/537.36"
[Wed, 14 Oct 2015 23:29:48 GMT] "[36mGET[39m [36m/assets/libs/traceur-runtime.js[39m" "Mozilla/5.0 (Macintosh; Intel Mac OS X 10_10_3) AppleWebKit/537.36 (KHTML, like Gecko) Chrome/45.0.2454.101 Safari/537.36"
[Wed, 14 Oct 2015 23:29:48 GMT] "[36mGET[39m [36m/assets/libs/es6-module-loader.js[39m" "Mozilla/5.0 (Macintosh; Intel Mac OS X 10_10_3) AppleWebKit/537.36 (KHTML, like Gecko) Chrome/45.0.2454.101 Safari/537.36"
[Wed, 14 Oct 2015 23:29:48 GMT] "[36mGET[39m [36m/assets/libs/system.src.js[39m" "Mozilla/5.0 (Macintosh; Intel Mac OS X 10_10_3) AppleWebKit/537.36 (KHTML, like Gecko) Chrome/45.0.2454.101 Safari/537.36"
[Wed, 14 Oct 2015 23:29:48 GMT] "[36mGET[39m [36m/assets/libs/jquery-2.1.4.min.js[39m" "Mozilla/5.0 (Macintosh; Intel Mac OS X 10_10_3) AppleWebKit/537.36 (KHTML, like Gecko) Chrome/45.0.2454.101 Safari/537.36"
[Wed, 14 Oct 2015 23:29:48 GMT] "[36mGET[39m [36m/assets/libs/angular2.dev.js[39m" "Mozilla/5.0 (Macintosh; Intel Mac OS X 10_10_3) AppleWebKit/537.36 (KHTML, like Gecko) Chrome/45.0.2454.101 Safari/537.36"
[Wed, 14 Oct 2015 23:29:48 GMT] "[36mGET[39m [36m/build/bundle.js[39m" "Mozilla/5.0 (Macintosh; Intel Mac OS X 10_10_3) AppleWebKit/537.36 (KHTML, like Gecko) Chrome/45.0.2454.101 Safari/537.36"
[Wed, 14 Oct 2015 23:29:48 GMT] "[36mGET[39m [36m/assets/libs/bootstrap.min.css[39m" "Mozilla/5.0 (Macintosh; Intel Mac OS X 10_10_3) AppleWebKit/537.36 (KHTML, like Gecko) Chrome/45.0.2454.101 Safari/537.36"
[Wed, 14 Oct 2015 23:29:48 GMT] "[36mGET[39m [36m/assets/libs/bootstrap3-typeahead.js[39m" "Mozilla/5.0 (Macintosh; Intel Mac OS X 10_10_3) AppleWebKit/537.36 (KHTML, like Gecko) Chrome/45.0.2454.101 Safari/537.36"
[Wed, 14 Oct 2015 23:29:48 GMT] "[36mGET[39m [36m/build/bundle.js[39m" "Mozilla/5.0 (Macintosh; Intel Mac OS X 10_10_3) AppleWebKit/537.36 (KHTML, like Gecko) Chrome/45.0.2454.101 Safari/537.36"
[Wed, 14 Oct 2015 23:30:35 GMT] "[36mGET[39m [36m/[39m" "Mozilla/5.0 (Macintosh; Intel Mac OS X 10_10_3) AppleWebKit/537.36 (KHTML, like Gecko) Chrome/45.0.2454.101 Safari/537.36"
[Wed, 14 Oct 2015 23:30:35 GMT] "[36mGET[39m [36m/assets/libs/traceur-runtime.js[39m" "Mozilla/5.0 (Macintosh; Intel Mac OS X 10_10_3) AppleWebKit/537.36 (KHTML, like Gecko) Chrome/45.0.2454.101 Safari/537.36"
[Wed, 14 Oct 2015 23:30:35 GMT] "[36mGET[39m [36m/assets/libs/es6-module-loader.js[39m" "Mozilla/5.0 (Macintosh; Intel Mac OS X 10_10_3) AppleWebKit/537.36 (KHTML, like Gecko) Chrome/45.0.2454.101 Safari/537.36"
[Wed, 14 Oct 2015 23:30:35 GMT] "[36mGET[39m [36m/assets/libs/system.src.js[39m" "Mozilla/5.0 (Macintosh; Intel Mac OS X 10_10_3) AppleWebKit/537.36 (KHTML, like Gecko) Chrome/45.0.2454.101 Safari/537.36"
[Wed, 14 Oct 2015 23:30:35 GMT] "[36mGET[39m [36m/assets/libs/jquery-2.1.4.min.js[39m" "Mozilla/5.0 (Macintosh; Intel Mac OS X 10_10_3) AppleWebKit/537.36 (KHTML, like Gecko) Chrome/45.0.2454.101 Safari/537.36"
[Wed, 14 Oct 2015 23:30:35 GMT] "[36mGET[39m [36m/assets/libs/angular2.dev.js[39m" "Mozilla/5.0 (Macintosh; Intel Mac OS X 10_10_3) AppleWebKit/537.36 (KHTML, like Gecko) Chrome/45.0.2454.101 Safari/537.36"
[Wed, 14 Oct 2015 23:30:35 GMT] "[36mGET[39m [36m/build/bundle.js[39m" "Mozilla/5.0 (Macintosh; Intel Mac OS X 10_10_3) AppleWebKit/537.36 (KHTML, like Gecko) Chrome/45.0.2454.101 Safari/537.36"
[Wed, 14 Oct 2015 23:30:35 GMT] "[36mGET[39m [36m/assets/libs/bootstrap.min.css[39m" "Mozilla/5.0 (Macintosh; Intel Mac OS X 10_10_3) AppleWebKit/537.36 (KHTML, like Gecko) Chrome/45.0.2454.101 Safari/537.36"
[Wed, 14 Oct 2015 23:30:35 GMT] "[36mGET[39m [36m/assets/libs/bootstrap3-typeahead.js[39m" "Mozilla/5.0 (Macintosh; Intel Mac OS X 10_10_3) AppleWebKit/537.36 (KHTML, like Gecko) Chrome/45.0.2454.101 Safari/537.36"
[Wed, 14 Oct 2015 23:30:35 GMT] "[36mGET[39m [36m/build/bundle.js[39m" "Mozilla/5.0 (Macintosh; Intel Mac OS X 10_10_3) AppleWebKit/537.36 (KHTML, like Gecko) Chrome/45.0.2454.101 Safari/537.36"
[Wed, 14 Oct 2015 23:30:41 GMT] "[36mGET[39m [36m/assets/img/favicon.ico[39m" "Mozilla/5.0 (Macintosh; Intel Mac OS X 10_10_3) AppleWebKit/537.36 (KHTML, like Gecko) Chrome/45.0.2454.101 Safari/537.36"
[Wed, 14 Oct 2015 23:30:41 GMT] "[31mGET[39m [31m/assets/img/favicon.ico[39m" Error ([31m404[39m): "[31mNot found[39m"
[Wed, 14 Oct 2015 23:31:11 GMT] "[36mGET[39m [36m/[39m" "Mozilla/5.0 (Macintosh; Intel Mac OS X 10_10_3) AppleWebKit/537.36 (KHTML, like Gecko) Chrome/45.0.2454.101 Safari/537.36"
[Wed, 14 Oct 2015 23:31:11 GMT] "[36mGET[39m [36m/assets/libs/traceur-runtime.js[39m" "Mozilla/5.0 (Macintosh; Intel Mac OS X 10_10_3) AppleWebKit/537.36 (KHTML, like Gecko) Chrome/45.0.2454.101 Safari/537.36"
[Wed, 14 Oct 2015 23:31:11 GMT] "[36mGET[39m [36m/assets/libs/es6-module-loader.js[39m" "Mozilla/5.0 (Macintosh; Intel Mac OS X 10_10_3) AppleWebKit/537.36 (KHTML, like Gecko) Chrome/45.0.2454.101 Safari/537.36"
[Wed, 14 Oct 2015 23:31:11 GMT] "[36mGET[39m [36m/assets/libs/system.src.js[39m" "Mozilla/5.0 (Macintosh; Intel Mac OS X 10_10_3) AppleWebKit/537.36 (KHTML, like Gecko) Chrome/45.0.2454.101 Safari/537.36"
[Wed, 14 Oct 2015 23:31:11 GMT] "[36mGET[39m [36m/assets/libs/jquery-2.1.4.min.js[39m" "Mozilla/5.0 (Macintosh; Intel Mac OS X 10_10_3) AppleWebKit/537.36 (KHTML, like Gecko) Chrome/45.0.2454.101 Safari/537.36"
[Wed, 14 Oct 2015 23:31:11 GMT] "[36mGET[39m [36m/assets/libs/angular2.dev.js[39m" "Mozilla/5.0 (Macintosh; Intel Mac OS X 10_10_3) AppleWebKit/537.36 (KHTML, like Gecko) Chrome/45.0.2454.101 Safari/537.36"
[Wed, 14 Oct 2015 23:31:11 GMT] "[36mGET[39m [36m/build/bundle.js[39m" "Mozilla/5.0 (Macintosh; Intel Mac OS X 10_10_3) AppleWebKit/537.36 (KHTML, like Gecko) Chrome/45.0.2454.101 Safari/537.36"
[Wed, 14 Oct 2015 23:31:11 GMT] "[36mGET[39m [36m/assets/libs/bootstrap.min.css[39m" "Mozilla/5.0 (Macintosh; Intel Mac OS X 10_10_3) AppleWebKit/537.36 (KHTML, like Gecko) Chrome/45.0.2454.101 Safari/537.36"
[Wed, 14 Oct 2015 23:31:11 GMT] "[36mGET[39m [36m/assets/libs/bootstrap3-typeahead.js[39m" "Mozilla/5.0 (Macintosh; Intel Mac OS X 10_10_3) AppleWebKit/537.36 (KHTML, like Gecko) Chrome/45.0.2454.101 Safari/537.36"
[Wed, 14 Oct 2015 23:31:11 GMT] "[36mGET[39m [36m/build/bundle.js[39m" "Mozilla/5.0 (Macintosh; Intel Mac OS X 10_10_3) AppleWebKit/537.36 (KHTML, like Gecko) Chrome/45.0.2454.101 Safari/537.36"
[Wed, 14 Oct 2015 23:31:11 GMT] "[36mGET[39m [36m/assets/libs/bootstrap.min.css[39m" "Mozilla/5.0 (Macintosh; Intel Mac OS X 10_10_3) AppleWebKit/537.36 (KHTML, like Gecko) Chrome/45.0.2454.101 Safari/537.36"
[Wed, 14 Oct 2015 23:31:11 GMT] "[36mGET[39m [36m/assets/img/favicon.ico[39m" "Mozilla/5.0 (Macintosh; Intel Mac OS X 10_10_3) AppleWebKit/537.36 (KHTML, like Gecko) Chrome/45.0.2454.101 Safari/537.36"
[Wed, 14 Oct 2015 23:31:11 GMT] "[31mGET[39m [31m/assets/img/favicon.ico[39m" Error ([31m404[39m): "[31mNot found[39m"
[Wed, 14 Oct 2015 23:33:39 GMT] "[36mGET[39m [36m/[39m" "Mozilla/5.0 (Macintosh; Intel Mac OS X 10_10_3) AppleWebKit/537.36 (KHTML, like Gecko) Chrome/45.0.2454.101 Safari/537.36"
[Wed, 14 Oct 2015 23:33:39 GMT] "[36mGET[39m [36m/assets/libs/traceur-runtime.js[39m" "Mozilla/5.0 (Macintosh; Intel Mac OS X 10_10_3) AppleWebKit/537.36 (KHTML, like Gecko) Chrome/45.0.2454.101 Safari/537.36"
[Wed, 14 Oct 2015 23:33:39 GMT] "[36mGET[39m [36m/assets/libs/es6-module-loader.js[39m" "Mozilla/5.0 (Macintosh; Intel Mac OS X 10_10_3) AppleWebKit/537.36 (KHTML, like Gecko) Chrome/45.0.2454.101 Safari/537.36"
[Wed, 14 Oct 2015 23:33:39 GMT] "[36mGET[39m [36m/assets/libs/system.src.js[39m" "Mozilla/5.0 (Macintosh; Intel Mac OS X 10_10_3) AppleWebKit/537.36 (KHTML, like Gecko) Chrome/45.0.2454.101 Safari/537.36"
[Wed, 14 Oct 2015 23:33:39 GMT] "[36mGET[39m [36m/assets/libs/jquery-2.1.4.min.js[39m" "Mozilla/5.0 (Macintosh; Intel Mac OS X 10_10_3) AppleWebKit/537.36 (KHTML, like Gecko) Chrome/45.0.2454.101 Safari/537.36"
[Wed, 14 Oct 2015 23:33:39 GMT] "[36mGET[39m [36m/assets/libs/angular2.dev.js[39m" "Mozilla/5.0 (Macintosh; Intel Mac OS X 10_10_3) AppleWebKit/537.36 (KHTML, like Gecko) Chrome/45.0.2454.101 Safari/537.36"
[Wed, 14 Oct 2015 23:33:39 GMT] "[36mGET[39m [36m/build/bundle.js[39m" "Mozilla/5.0 (Macintosh; Intel Mac OS X 10_10_3) AppleWebKit/537.36 (KHTML, like Gecko) Chrome/45.0.2454.101 Safari/537.36"
[Wed, 14 Oct 2015 23:33:39 GMT] "[36mGET[39m [36m/assets/libs/bootstrap.min.css[39m" "Mozilla/5.0 (Macintosh; Intel Mac OS X 10_10_3) AppleWebKit/537.36 (KHTML, like Gecko) Chrome/45.0.2454.101 Safari/537.36"
[Wed, 14 Oct 2015 23:33:40 GMT] "[36mGET[39m [36m/build/bundle.js[39m" "Mozilla/5.0 (Macintosh; Intel Mac OS X 10_10_3) AppleWebKit/537.36 (KHTML, like Gecko) Chrome/45.0.2454.101 Safari/537.36"
[Wed, 14 Oct 2015 23:33:40 GMT] "[36mGET[39m [36m/assets/img/favicon.ico[39m" "Mozilla/5.0 (Macintosh; Intel Mac OS X 10_10_3) AppleWebKit/537.36 (KHTML, like Gecko) Chrome/45.0.2454.101 Safari/537.36"
[Wed, 14 Oct 2015 23:33:40 GMT] "[31mGET[39m [31m/assets/img/favicon.ico[39m" Error ([31m404[39m): "[31mNot found[39m"
[Wed, 14 Oct 2015 23:34:09 GMT] "[36mGET[39m [36m/[39m" "Mozilla/5.0 (Macintosh; Intel Mac OS X 10_10_3) AppleWebKit/537.36 (KHTML, like Gecko) Chrome/45.0.2454.101 Safari/537.36"
[Wed, 14 Oct 2015 23:34:09 GMT] "[36mGET[39m [36m/assets/libs/traceur-runtime.js[39m" "Mozilla/5.0 (Macintosh; Intel Mac OS X 10_10_3) AppleWebKit/537.36 (KHTML, like Gecko) Chrome/45.0.2454.101 Safari/537.36"
[Wed, 14 Oct 2015 23:34:09 GMT] "[36mGET[39m [36m/assets/libs/es6-module-loader.js[39m" "Mozilla/5.0 (Macintosh; Intel Mac OS X 10_10_3) AppleWebKit/537.36 (KHTML, like Gecko) Chrome/45.0.2454.101 Safari/537.36"
[Wed, 14 Oct 2015 23:34:09 GMT] "[36mGET[39m [36m/assets/libs/system.src.js[39m" "Mozilla/5.0 (Macintosh; Intel Mac OS X 10_10_3) AppleWebKit/537.36 (KHTML, like Gecko) Chrome/45.0.2454.101 Safari/537.36"
[Wed, 14 Oct 2015 23:34:09 GMT] "[36mGET[39m [36m/assets/libs/jquery-2.1.4.min.js[39m" "Mozilla/5.0 (Macintosh; Intel Mac OS X 10_10_3) AppleWebKit/537.36 (KHTML, like Gecko) Chrome/45.0.2454.101 Safari/537.36"
[Wed, 14 Oct 2015 23:34:09 GMT] "[36mGET[39m [36m/assets/libs/angular2.dev.js[39m" "Mozilla/5.0 (Macintosh; Intel Mac OS X 10_10_3) AppleWebKit/537.36 (KHTML, like Gecko) Chrome/45.0.2454.101 Safari/537.36"
[Wed, 14 Oct 2015 23:34:09 GMT] "[36mGET[39m [36m/build/bundle.js[39m" "Mozilla/5.0 (Macintosh; Intel Mac OS X 10_10_3) AppleWebKit/537.36 (KHTML, like Gecko) Chrome/45.0.2454.101 Safari/537.36"
[Wed, 14 Oct 2015 23:34:09 GMT] "[36mGET[39m [36m/assets/libs/bootstrap.min.css[39m" "Mozilla/5.0 (Macintosh; Intel Mac OS X 10_10_3) AppleWebKit/537.36 (KHTML, like Gecko) Chrome/45.0.2454.101 Safari/537.36"
[Wed, 14 Oct 2015 23:34:10 GMT] "[36mGET[39m [36m/build/bundle.js[39m" "Mozilla/5.0 (Macintosh; Intel Mac OS X 10_10_3) AppleWebKit/537.36 (KHTML, like Gecko) Chrome/45.0.2454.101 Safari/537.36"
[Wed, 14 Oct 2015 23:34:10 GMT] "[36mGET[39m [36m/assets/img/favicon.ico[39m" "Mozilla/5.0 (Macintosh; Intel Mac OS X 10_10_3) AppleWebKit/537.36 (KHTML, like Gecko) Chrome/45.0.2454.101 Safari/537.36"
[Wed, 14 Oct 2015 23:34:10 GMT] "[31mGET[39m [31m/assets/img/favicon.ico[39m" Error ([31m404[39m): "[31mNot found[39m"
[Wed, 14 Oct 2015 23:34:24 GMT] "[36mGET[39m [36m/[39m" "Mozilla/5.0 (Macintosh; Intel Mac OS X 10_10_3) AppleWebKit/537.36 (KHTML, like Gecko) Chrome/45.0.2454.101 Safari/537.36"
[Wed, 14 Oct 2015 23:34:24 GMT] "[36mGET[39m [36m/assets/libs/traceur-runtime.js[39m" "Mozilla/5.0 (Macintosh; Intel Mac OS X 10_10_3) AppleWebKit/537.36 (KHTML, like Gecko) Chrome/45.0.2454.101 Safari/537.36"
[Wed, 14 Oct 2015 23:34:24 GMT] "[36mGET[39m [36m/assets/libs/es6-module-loader.js[39m" "Mozilla/5.0 (Macintosh; Intel Mac OS X 10_10_3) AppleWebKit/537.36 (KHTML, like Gecko) Chrome/45.0.2454.101 Safari/537.36"
[Wed, 14 Oct 2015 23:34:24 GMT] "[36mGET[39m [36m/assets/libs/system.src.js[39m" "Mozilla/5.0 (Macintosh; Intel Mac OS X 10_10_3) AppleWebKit/537.36 (KHTML, like Gecko) Chrome/45.0.2454.101 Safari/537.36"
[Wed, 14 Oct 2015 23:34:24 GMT] "[36mGET[39m [36m/assets/libs/jquery-2.1.4.min.js[39m" "Mozilla/5.0 (Macintosh; Intel Mac OS X 10_10_3) AppleWebKit/537.36 (KHTML, like Gecko) Chrome/45.0.2454.101 Safari/537.36"
[Wed, 14 Oct 2015 23:34:24 GMT] "[36mGET[39m [36m/assets/libs/angular2.dev.js[39m" "Mozilla/5.0 (Macintosh; Intel Mac OS X 10_10_3) AppleWebKit/537.36 (KHTML, like Gecko) Chrome/45.0.2454.101 Safari/537.36"
[Wed, 14 Oct 2015 23:34:24 GMT] "[36mGET[39m [36m/build/bundle.js[39m" "Mozilla/5.0 (Macintosh; Intel Mac OS X 10_10_3) AppleWebKit/537.36 (KHTML, like Gecko) Chrome/45.0.2454.101 Safari/537.36"
[Wed, 14 Oct 2015 23:34:24 GMT] "[36mGET[39m [36m/assets/libs/bootstrap.min.css[39m" "Mozilla/5.0 (Macintosh; Intel Mac OS X 10_10_3) AppleWebKit/537.36 (KHTML, like Gecko) Chrome/45.0.2454.101 Safari/537.36"
[Wed, 14 Oct 2015 23:34:24 GMT] "[36mGET[39m [36m/assets/libs/angular2.dev.js[39m" "Mozilla/5.0 (Macintosh; Intel Mac OS X 10_10_3) AppleWebKit/537.36 (KHTML, like Gecko) Chrome/45.0.2454.101 Safari/537.36"
[Wed, 14 Oct 2015 23:34:24 GMT] "[36mGET[39m [36m/build/bundle.js[39m" "Mozilla/5.0 (Macintosh; Intel Mac OS X 10_10_3) AppleWebKit/537.36 (KHTML, like Gecko) Chrome/45.0.2454.101 Safari/537.36"
[Wed, 14 Oct 2015 23:34:25 GMT] "[36mGET[39m [36m/assets/img/favicon.ico[39m" "Mozilla/5.0 (Macintosh; Intel Mac OS X 10_10_3) AppleWebKit/537.36 (KHTML, like Gecko) Chrome/45.0.2454.101 Safari/537.36"
[Wed, 14 Oct 2015 23:34:25 GMT] "[31mGET[39m [31m/assets/img/favicon.ico[39m" Error ([31m404[39m): "[31mNot found[39m"
[Wed, 14 Oct 2015 23:34:33 GMT] "[36mGET[39m [36m/[39m" "Mozilla/5.0 (Macintosh; Intel Mac OS X 10_10_3) AppleWebKit/537.36 (KHTML, like Gecko) Chrome/45.0.2454.101 Safari/537.36"
[Wed, 14 Oct 2015 23:34:33 GMT] "[36mGET[39m [36m/assets/libs/traceur-runtime.js[39m" "Mozilla/5.0 (Macintosh; Intel Mac OS X 10_10_3) AppleWebKit/537.36 (KHTML, like Gecko) Chrome/45.0.2454.101 Safari/537.36"
[Wed, 14 Oct 2015 23:34:33 GMT] "[36mGET[39m [36m/assets/libs/es6-module-loader.js[39m" "Mozilla/5.0 (Macintosh; Intel Mac OS X 10_10_3) AppleWebKit/537.36 (KHTML, like Gecko) Chrome/45.0.2454.101 Safari/537.36"
[Wed, 14 Oct 2015 23:34:33 GMT] "[36mGET[39m [36m/assets/libs/system.src.js[39m" "Mozilla/5.0 (Macintosh; Intel Mac OS X 10_10_3) AppleWebKit/537.36 (KHTML, like Gecko) Chrome/45.0.2454.101 Safari/537.36"
[Wed, 14 Oct 2015 23:34:33 GMT] "[36mGET[39m [36m/assets/libs/jquery-2.1.4.min.js[39m" "Mozilla/5.0 (Macintosh; Intel Mac OS X 10_10_3) AppleWebKit/537.36 (KHTML, like Gecko) Chrome/45.0.2454.101 Safari/537.36"
[Wed, 14 Oct 2015 23:34:33 GMT] "[36mGET[39m [36m/assets/libs/angular2.dev.js[39m" "Mozilla/5.0 (Macintosh; Intel Mac OS X 10_10_3) AppleWebKit/537.36 (KHTML, like Gecko) Chrome/45.0.2454.101 Safari/537.36"
[Wed, 14 Oct 2015 23:34:33 GMT] "[36mGET[39m [36m/build/bundle.js[39m" "Mozilla/5.0 (Macintosh; Intel Mac OS X 10_10_3) AppleWebKit/537.36 (KHTML, like Gecko) Chrome/45.0.2454.101 Safari/537.36"
[Wed, 14 Oct 2015 23:34:33 GMT] "[36mGET[39m [36m/assets/libs/bootstrap.min.css[39m" "Mozilla/5.0 (Macintosh; Intel Mac OS X 10_10_3) AppleWebKit/537.36 (KHTML, like Gecko) Chrome/45.0.2454.101 Safari/537.36"
[Wed, 14 Oct 2015 23:34:33 GMT] "[36mGET[39m [36m/assets/libs/system.src.js[39m" "Mozilla/5.0 (Macintosh; Intel Mac OS X 10_10_3) AppleWebKit/537.36 (KHTML, like Gecko) Chrome/45.0.2454.101 Safari/537.36"
[Wed, 14 Oct 2015 23:34:33 GMT] "[36mGET[39m [36m/assets/libs/jquery-2.1.4.min.js[39m" "Mozilla/5.0 (Macintosh; Intel Mac OS X 10_10_3) AppleWebKit/537.36 (KHTML, like Gecko) Chrome/45.0.2454.101 Safari/537.36"
[Wed, 14 Oct 2015 23:34:33 GMT] "[36mGET[39m [36m/assets/libs/angular2.dev.js[39m" "Mozilla/5.0 (Macintosh; Intel Mac OS X 10_10_3) AppleWebKit/537.36 (KHTML, like Gecko) Chrome/45.0.2454.101 Safari/537.36"
[Wed, 14 Oct 2015 23:34:33 GMT] "[36mGET[39m [36m/build/bundle.js[39m" "Mozilla/5.0 (Macintosh; Intel Mac OS X 10_10_3) AppleWebKit/537.36 (KHTML, like Gecko) Chrome/45.0.2454.101 Safari/537.36"
[Wed, 14 Oct 2015 23:34:33 GMT] "[36mGET[39m [36m/assets/libs/bootstrap.min.css[39m" "Mozilla/5.0 (Macintosh; Intel Mac OS X 10_10_3) AppleWebKit/537.36 (KHTML, like Gecko) Chrome/45.0.2454.101 Safari/537.36"
[Wed, 14 Oct 2015 23:34:33 GMT] "[36mGET[39m [36m/assets/img/favicon.ico[39m" "Mozilla/5.0 (Macintosh; Intel Mac OS X 10_10_3) AppleWebKit/537.36 (KHTML, like Gecko) Chrome/45.0.2454.101 Safari/537.36"
[Wed, 14 Oct 2015 23:34:33 GMT] "[31mGET[39m [31m/assets/img/favicon.ico[39m" Error ([31m404[39m): "[31mNot found[39m"
[Wed, 14 Oct 2015 23:34:55 GMT] "[36mGET[39m [36m/[39m" "Mozilla/5.0 (Macintosh; Intel Mac OS X 10_10_3) AppleWebKit/537.36 (KHTML, like Gecko) Chrome/45.0.2454.101 Safari/537.36"
[Wed, 14 Oct 2015 23:34:55 GMT] "[36mGET[39m [36m/assets/libs/traceur-runtime.js[39m" "Mozilla/5.0 (Macintosh; Intel Mac OS X 10_10_3) AppleWebKit/537.36 (KHTML, like Gecko) Chrome/45.0.2454.101 Safari/537.36"
[Wed, 14 Oct 2015 23:34:55 GMT] "[36mGET[39m [36m/assets/libs/es6-module-loader.js[39m" "Mozilla/5.0 (Macintosh; Intel Mac OS X 10_10_3) AppleWebKit/537.36 (KHTML, like Gecko) Chrome/45.0.2454.101 Safari/537.36"
[Wed, 14 Oct 2015 23:34:55 GMT] "[36mGET[39m [36m/assets/libs/system.src.js[39m" "Mozilla/5.0 (Macintosh; Intel Mac OS X 10_10_3) AppleWebKit/537.36 (KHTML, like Gecko) Chrome/45.0.2454.101 Safari/537.36"
[Wed, 14 Oct 2015 23:34:55 GMT] "[36mGET[39m [36m/assets/libs/jquery-2.1.4.min.js[39m" "Mozilla/5.0 (Macintosh; Intel Mac OS X 10_10_3) AppleWebKit/537.36 (KHTML, like Gecko) Chrome/45.0.2454.101 Safari/537.36"
[Wed, 14 Oct 2015 23:34:55 GMT] "[36mGET[39m [36m/assets/libs/angular2.dev.js[39m" "Mozilla/5.0 (Macintosh; Intel Mac OS X 10_10_3) AppleWebKit/537.36 (KHTML, like Gecko) Chrome/45.0.2454.101 Safari/537.36"
[Wed, 14 Oct 2015 23:34:55 GMT] "[36mGET[39m [36m/build/bundle.js[39m" "Mozilla/5.0 (Macintosh; Intel Mac OS X 10_10_3) AppleWebKit/537.36 (KHTML, like Gecko) Chrome/45.0.2454.101 Safari/537.36"
[Wed, 14 Oct 2015 23:34:55 GMT] "[36mGET[39m [36m/assets/libs/bootstrap.min.css[39m" "Mozilla/5.0 (Macintosh; Intel Mac OS X 10_10_3) AppleWebKit/537.36 (KHTML, like Gecko) Chrome/45.0.2454.101 Safari/537.36"
[Wed, 14 Oct 2015 23:34:55 GMT] "[36mGET[39m [36m/assets/libs/system.src.js[39m" "Mozilla/5.0 (Macintosh; Intel Mac OS X 10_10_3) AppleWebKit/537.36 (KHTML, like Gecko) Chrome/45.0.2454.101 Safari/537.36"
[Wed, 14 Oct 2015 23:34:55 GMT] "[36mGET[39m [36m/assets/libs/angular2.dev.js[39m" "Mozilla/5.0 (Macintosh; Intel Mac OS X 10_10_3) AppleWebKit/537.36 (KHTML, like Gecko) Chrome/45.0.2454.101 Safari/537.36"
[Wed, 14 Oct 2015 23:34:55 GMT] "[36mGET[39m [36m/build/bundle.js[39m" "Mozilla/5.0 (Macintosh; Intel Mac OS X 10_10_3) AppleWebKit/537.36 (KHTML, like Gecko) Chrome/45.0.2454.101 Safari/537.36"
[Wed, 14 Oct 2015 23:34:55 GMT] "[36mGET[39m [36m/assets/libs/bootstrap.min.css[39m" "Mozilla/5.0 (Macintosh; Intel Mac OS X 10_10_3) AppleWebKit/537.36 (KHTML, like Gecko) Chrome/45.0.2454.101 Safari/537.36"
[Wed, 14 Oct 2015 23:34:55 GMT] "[36mGET[39m [36m/assets/img/favicon.ico[39m" "Mozilla/5.0 (Macintosh; Intel Mac OS X 10_10_3) AppleWebKit/537.36 (KHTML, like Gecko) Chrome/45.0.2454.101 Safari/537.36"
[Wed, 14 Oct 2015 23:34:55 GMT] "[31mGET[39m [31m/assets/img/favicon.ico[39m" Error ([31m404[39m): "[31mNot found[39m"
[Wed, 14 Oct 2015 23:37:10 GMT] "[36mGET[39m [36m/[39m" "Mozilla/5.0 (Macintosh; Intel Mac OS X 10_10_3) AppleWebKit/537.36 (KHTML, like Gecko) Chrome/45.0.2454.101 Safari/537.36"
[Wed, 14 Oct 2015 23:37:10 GMT] "[36mGET[39m [36m/assets/libs/traceur-runtime.js[39m" "Mozilla/5.0 (Macintosh; Intel Mac OS X 10_10_3) AppleWebKit/537.36 (KHTML, like Gecko) Chrome/45.0.2454.101 Safari/537.36"
[Wed, 14 Oct 2015 23:37:10 GMT] "[36mGET[39m [36m/assets/libs/es6-module-loader.js[39m" "Mozilla/5.0 (Macintosh; Intel Mac OS X 10_10_3) AppleWebKit/537.36 (KHTML, like Gecko) Chrome/45.0.2454.101 Safari/537.36"
[Wed, 14 Oct 2015 23:37:10 GMT] "[36mGET[39m [36m/assets/libs/system.src.js[39m" "Mozilla/5.0 (Macintosh; Intel Mac OS X 10_10_3) AppleWebKit/537.36 (KHTML, like Gecko) Chrome/45.0.2454.101 Safari/537.36"
[Wed, 14 Oct 2015 23:37:10 GMT] "[36mGET[39m [36m/assets/libs/jquery-2.1.4.min.js[39m" "Mozilla/5.0 (Macintosh; Intel Mac OS X 10_10_3) AppleWebKit/537.36 (KHTML, like Gecko) Chrome/45.0.2454.101 Safari/537.36"
[Wed, 14 Oct 2015 23:37:10 GMT] "[36mGET[39m [36m/assets/libs/angular2.dev.js[39m" "Mozilla/5.0 (Macintosh; Intel Mac OS X 10_10_3) AppleWebKit/537.36 (KHTML, like Gecko) Chrome/45.0.2454.101 Safari/537.36"
[Wed, 14 Oct 2015 23:37:10 GMT] "[36mGET[39m [36m/build/bundle.js[39m" "Mozilla/5.0 (Macintosh; Intel Mac OS X 10_10_3) AppleWebKit/537.36 (KHTML, like Gecko) Chrome/45.0.2454.101 Safari/537.36"
[Wed, 14 Oct 2015 23:37:10 GMT] "[36mGET[39m [36m/assets/libs/bootstrap.min.css[39m" "Mozilla/5.0 (Macintosh; Intel Mac OS X 10_10_3) AppleWebKit/537.36 (KHTML, like Gecko) Chrome/45.0.2454.101 Safari/537.36"
[Wed, 14 Oct 2015 23:37:10 GMT] "[36mGET[39m [36m/assets/libs/system.src.js[39m" "Mozilla/5.0 (Macintosh; Intel Mac OS X 10_10_3) AppleWebKit/537.36 (KHTML, like Gecko) Chrome/45.0.2454.101 Safari/537.36"
[Wed, 14 Oct 2015 23:37:10 GMT] "[36mGET[39m [36m/assets/libs/angular2.dev.js[39m" "Mozilla/5.0 (Macintosh; Intel Mac OS X 10_10_3) AppleWebKit/537.36 (KHTML, like Gecko) Chrome/45.0.2454.101 Safari/537.36"
[Wed, 14 Oct 2015 23:37:10 GMT] "[36mGET[39m [36m/build/bundle.js[39m" "Mozilla/5.0 (Macintosh; Intel Mac OS X 10_10_3) AppleWebKit/537.36 (KHTML, like Gecko) Chrome/45.0.2454.101 Safari/537.36"
[Wed, 14 Oct 2015 23:37:10 GMT] "[36mGET[39m [36m/assets/libs/bootstrap.min.css[39m" "Mozilla/5.0 (Macintosh; Intel Mac OS X 10_10_3) AppleWebKit/537.36 (KHTML, like Gecko) Chrome/45.0.2454.101 Safari/537.36"
[Wed, 14 Oct 2015 23:37:10 GMT] "[36mGET[39m [36m/assets/img/favicon.ico[39m" "Mozilla/5.0 (Macintosh; Intel Mac OS X 10_10_3) AppleWebKit/537.36 (KHTML, like Gecko) Chrome/45.0.2454.101 Safari/537.36"
[Wed, 14 Oct 2015 23:37:10 GMT] "[31mGET[39m [31m/assets/img/favicon.ico[39m" Error ([31m404[39m): "[31mNot found[39m"
[Wed, 14 Oct 2015 23:37:14 GMT] "[36mGET[39m [36m/assets/libs/es6-module-loader.js.map[39m" "Mozilla/5.0 (Macintosh; Intel Mac OS X 10_10_3) AppleWebKit/537.36 (KHTML, like Gecko) Chrome/45.0.2454.101 Safari/537.36"
[Wed, 14 Oct 2015 23:37:36 GMT] "[36mGET[39m [36m/[39m" "Mozilla/5.0 (Macintosh; Intel Mac OS X 10_10_3) AppleWebKit/537.36 (KHTML, like Gecko) Chrome/45.0.2454.101 Safari/537.36"
[Wed, 14 Oct 2015 23:37:36 GMT] "[36mGET[39m [36m/assets/libs/traceur-runtime.js[39m" "Mozilla/5.0 (Macintosh; Intel Mac OS X 10_10_3) AppleWebKit/537.36 (KHTML, like Gecko) Chrome/45.0.2454.101 Safari/537.36"
[Wed, 14 Oct 2015 23:37:36 GMT] "[36mGET[39m [36m/assets/libs/es6-module-loader.js[39m" "Mozilla/5.0 (Macintosh; Intel Mac OS X 10_10_3) AppleWebKit/537.36 (KHTML, like Gecko) Chrome/45.0.2454.101 Safari/537.36"
[Wed, 14 Oct 2015 23:37:36 GMT] "[36mGET[39m [36m/assets/libs/system.src.js[39m" "Mozilla/5.0 (Macintosh; Intel Mac OS X 10_10_3) AppleWebKit/537.36 (KHTML, like Gecko) Chrome/45.0.2454.101 Safari/537.36"
[Wed, 14 Oct 2015 23:37:36 GMT] "[36mGET[39m [36m/assets/libs/jquery-2.1.4.min.js[39m" "Mozilla/5.0 (Macintosh; Intel Mac OS X 10_10_3) AppleWebKit/537.36 (KHTML, like Gecko) Chrome/45.0.2454.101 Safari/537.36"
[Wed, 14 Oct 2015 23:37:36 GMT] "[36mGET[39m [36m/assets/libs/angular2.dev.js[39m" "Mozilla/5.0 (Macintosh; Intel Mac OS X 10_10_3) AppleWebKit/537.36 (KHTML, like Gecko) Chrome/45.0.2454.101 Safari/537.36"
[Wed, 14 Oct 2015 23:37:36 GMT] "[36mGET[39m [36m/build/bundle.js[39m" "Mozilla/5.0 (Macintosh; Intel Mac OS X 10_10_3) AppleWebKit/537.36 (KHTML, like Gecko) Chrome/45.0.2454.101 Safari/537.36"
[Wed, 14 Oct 2015 23:37:36 GMT] "[36mGET[39m [36m/assets/libs/bootstrap.min.css[39m" "Mozilla/5.0 (Macintosh; Intel Mac OS X 10_10_3) AppleWebKit/537.36 (KHTML, like Gecko) Chrome/45.0.2454.101 Safari/537.36"
[Wed, 14 Oct 2015 23:37:37 GMT] "[36mGET[39m [36m/build/bundle.js[39m" "Mozilla/5.0 (Macintosh; Intel Mac OS X 10_10_3) AppleWebKit/537.36 (KHTML, like Gecko) Chrome/45.0.2454.101 Safari/537.36"
[Wed, 14 Oct 2015 23:37:37 GMT] "[36mGET[39m [36m/assets/libs/es6-module-loader.js.map[39m" "Mozilla/5.0 (Macintosh; Intel Mac OS X 10_10_3) AppleWebKit/537.36 (KHTML, like Gecko) Chrome/45.0.2454.101 Safari/537.36"
[Wed, 14 Oct 2015 23:37:37 GMT] "[36mGET[39m [36m/assets/img/favicon.ico[39m" "Mozilla/5.0 (Macintosh; Intel Mac OS X 10_10_3) AppleWebKit/537.36 (KHTML, like Gecko) Chrome/45.0.2454.101 Safari/537.36"
[Wed, 14 Oct 2015 23:37:37 GMT] "[31mGET[39m [31m/assets/img/favicon.ico[39m" Error ([31m404[39m): "[31mNot found[39m"
[Wed, 14 Oct 2015 23:37:54 GMT] "[36mGET[39m [36m/[39m" "Mozilla/5.0 (Macintosh; Intel Mac OS X 10_10_3) AppleWebKit/537.36 (KHTML, like Gecko) Chrome/45.0.2454.101 Safari/537.36"
[Wed, 14 Oct 2015 23:37:54 GMT] "[36mGET[39m [36m/assets/libs/traceur-runtime.js[39m" "Mozilla/5.0 (Macintosh; Intel Mac OS X 10_10_3) AppleWebKit/537.36 (KHTML, like Gecko) Chrome/45.0.2454.101 Safari/537.36"
[Wed, 14 Oct 2015 23:37:54 GMT] "[36mGET[39m [36m/assets/libs/es6-module-loader.js[39m" "Mozilla/5.0 (Macintosh; Intel Mac OS X 10_10_3) AppleWebKit/537.36 (KHTML, like Gecko) Chrome/45.0.2454.101 Safari/537.36"
[Wed, 14 Oct 2015 23:37:54 GMT] "[36mGET[39m [36m/assets/libs/system.src.js[39m" "Mozilla/5.0 (Macintosh; Intel Mac OS X 10_10_3) AppleWebKit/537.36 (KHTML, like Gecko) Chrome/45.0.2454.101 Safari/537.36"
[Wed, 14 Oct 2015 23:37:54 GMT] "[36mGET[39m [36m/assets/libs/jquery-2.1.4.min.js[39m" "Mozilla/5.0 (Macintosh; Intel Mac OS X 10_10_3) AppleWebKit/537.36 (KHTML, like Gecko) Chrome/45.0.2454.101 Safari/537.36"
[Wed, 14 Oct 2015 23:37:54 GMT] "[36mGET[39m [36m/assets/libs/angular2.dev.js[39m" "Mozilla/5.0 (Macintosh; Intel Mac OS X 10_10_3) AppleWebKit/537.36 (KHTML, like Gecko) Chrome/45.0.2454.101 Safari/537.36"
[Wed, 14 Oct 2015 23:37:54 GMT] "[36mGET[39m [36m/build/bundle.js[39m" "Mozilla/5.0 (Macintosh; Intel Mac OS X 10_10_3) AppleWebKit/537.36 (KHTML, like Gecko) Chrome/45.0.2454.101 Safari/537.36"
[Wed, 14 Oct 2015 23:37:54 GMT] "[36mGET[39m [36m/assets/libs/bootstrap.min.css[39m" "Mozilla/5.0 (Macintosh; Intel Mac OS X 10_10_3) AppleWebKit/537.36 (KHTML, like Gecko) Chrome/45.0.2454.101 Safari/537.36"
[Wed, 14 Oct 2015 23:37:54 GMT] "[36mGET[39m [36m/build/bundle.js[39m" "Mozilla/5.0 (Macintosh; Intel Mac OS X 10_10_3) AppleWebKit/537.36 (KHTML, like Gecko) Chrome/45.0.2454.101 Safari/537.36"
[Wed, 14 Oct 2015 23:39:36 GMT] "[36mGET[39m [36m/[39m" "Mozilla/5.0 (Macintosh; Intel Mac OS X 10_10_3) AppleWebKit/537.36 (KHTML, like Gecko) Chrome/45.0.2454.101 Safari/537.36"
[Wed, 14 Oct 2015 23:39:36 GMT] "[36mGET[39m [36m/assets/libs/traceur-runtime.js[39m" "Mozilla/5.0 (Macintosh; Intel Mac OS X 10_10_3) AppleWebKit/537.36 (KHTML, like Gecko) Chrome/45.0.2454.101 Safari/537.36"
[Wed, 14 Oct 2015 23:39:36 GMT] "[36mGET[39m [36m/assets/libs/es6-module-loader.js[39m" "Mozilla/5.0 (Macintosh; Intel Mac OS X 10_10_3) AppleWebKit/537.36 (KHTML, like Gecko) Chrome/45.0.2454.101 Safari/537.36"
[Wed, 14 Oct 2015 23:39:36 GMT] "[36mGET[39m [36m/assets/libs/system.src.js[39m" "Mozilla/5.0 (Macintosh; Intel Mac OS X 10_10_3) AppleWebKit/537.36 (KHTML, like Gecko) Chrome/45.0.2454.101 Safari/537.36"
[Wed, 14 Oct 2015 23:39:36 GMT] "[36mGET[39m [36m/assets/libs/jquery-2.1.4.min.js[39m" "Mozilla/5.0 (Macintosh; Intel Mac OS X 10_10_3) AppleWebKit/537.36 (KHTML, like Gecko) Chrome/45.0.2454.101 Safari/537.36"
[Wed, 14 Oct 2015 23:39:36 GMT] "[36mGET[39m [36m/assets/libs/angular2.dev.js[39m" "Mozilla/5.0 (Macintosh; Intel Mac OS X 10_10_3) AppleWebKit/537.36 (KHTML, like Gecko) Chrome/45.0.2454.101 Safari/537.36"
[Wed, 14 Oct 2015 23:39:36 GMT] "[36mGET[39m [36m/build/bundle.js[39m" "Mozilla/5.0 (Macintosh; Intel Mac OS X 10_10_3) AppleWebKit/537.36 (KHTML, like Gecko) Chrome/45.0.2454.101 Safari/537.36"
[Wed, 14 Oct 2015 23:39:36 GMT] "[36mGET[39m [36m/assets/libs/bootstrap.min.css[39m" "Mozilla/5.0 (Macintosh; Intel Mac OS X 10_10_3) AppleWebKit/537.36 (KHTML, like Gecko) Chrome/45.0.2454.101 Safari/537.36"
[Wed, 14 Oct 2015 23:39:37 GMT] "[36mGET[39m [36m/assets/libs/angular2.dev.js[39m" "Mozilla/5.0 (Macintosh; Intel Mac OS X 10_10_3) AppleWebKit/537.36 (KHTML, like Gecko) Chrome/45.0.2454.101 Safari/537.36"
[Wed, 14 Oct 2015 23:39:37 GMT] "[36mGET[39m [36m/build/bundle.js[39m" "Mozilla/5.0 (Macintosh; Intel Mac OS X 10_10_3) AppleWebKit/537.36 (KHTML, like Gecko) Chrome/45.0.2454.101 Safari/537.36"
[Wed, 14 Oct 2015 23:39:42 GMT] "[36mGET[39m [36m/assets/img/favicon.ico[39m" "Mozilla/5.0 (Macintosh; Intel Mac OS X 10_10_3) AppleWebKit/537.36 (KHTML, like Gecko) Chrome/45.0.2454.101 Safari/537.36"
[Wed, 14 Oct 2015 23:39:42 GMT] "[31mGET[39m [31m/assets/img/favicon.ico[39m" Error ([31m404[39m): "[31mNot found[39m"
[Wed, 14 Oct 2015 23:40:22 GMT] "[36mGET[39m [36m/[39m" "Mozilla/5.0 (Macintosh; Intel Mac OS X 10_10_3) AppleWebKit/537.36 (KHTML, like Gecko) Chrome/45.0.2454.101 Safari/537.36"
[Wed, 14 Oct 2015 23:40:22 GMT] "[36mGET[39m [36m/assets/libs/traceur-runtime.js[39m" "Mozilla/5.0 (Macintosh; Intel Mac OS X 10_10_3) AppleWebKit/537.36 (KHTML, like Gecko) Chrome/45.0.2454.101 Safari/537.36"
[Wed, 14 Oct 2015 23:40:22 GMT] "[36mGET[39m [36m/assets/libs/es6-module-loader.js[39m" "Mozilla/5.0 (Macintosh; Intel Mac OS X 10_10_3) AppleWebKit/537.36 (KHTML, like Gecko) Chrome/45.0.2454.101 Safari/537.36"
[Wed, 14 Oct 2015 23:40:22 GMT] "[36mGET[39m [36m/assets/libs/system.src.js[39m" "Mozilla/5.0 (Macintosh; Intel Mac OS X 10_10_3) AppleWebKit/537.36 (KHTML, like Gecko) Chrome/45.0.2454.101 Safari/537.36"
[Wed, 14 Oct 2015 23:40:22 GMT] "[36mGET[39m [36m/assets/libs/jquery-2.1.4.min.js[39m" "Mozilla/5.0 (Macintosh; Intel Mac OS X 10_10_3) AppleWebKit/537.36 (KHTML, like Gecko) Chrome/45.0.2454.101 Safari/537.36"
[Wed, 14 Oct 2015 23:40:22 GMT] "[36mGET[39m [36m/assets/libs/angular2.dev.js[39m" "Mozilla/5.0 (Macintosh; Intel Mac OS X 10_10_3) AppleWebKit/537.36 (KHTML, like Gecko) Chrome/45.0.2454.101 Safari/537.36"
[Wed, 14 Oct 2015 23:40:22 GMT] "[36mGET[39m [36m/build/bundle.js[39m" "Mozilla/5.0 (Macintosh; Intel Mac OS X 10_10_3) AppleWebKit/537.36 (KHTML, like Gecko) Chrome/45.0.2454.101 Safari/537.36"
[Wed, 14 Oct 2015 23:40:22 GMT] "[36mGET[39m [36m/assets/libs/bootstrap.min.css[39m" "Mozilla/5.0 (Macintosh; Intel Mac OS X 10_10_3) AppleWebKit/537.36 (KHTML, like Gecko) Chrome/45.0.2454.101 Safari/537.36"
[Wed, 14 Oct 2015 23:40:22 GMT] "[36mGET[39m [36m/assets/img/favicon.ico[39m" "Mozilla/5.0 (Macintosh; Intel Mac OS X 10_10_3) AppleWebKit/537.36 (KHTML, like Gecko) Chrome/45.0.2454.101 Safari/537.36"
[Wed, 14 Oct 2015 23:40:22 GMT] "[31mGET[39m [31m/assets/img/favicon.ico[39m" Error ([31m404[39m): "[31mNot found[39m"
[Wed, 14 Oct 2015 23:40:51 GMT] "[36mGET[39m [36m/[39m" "Mozilla/5.0 (Macintosh; Intel Mac OS X 10_10_3) AppleWebKit/537.36 (KHTML, like Gecko) Chrome/45.0.2454.101 Safari/537.36"
[Wed, 14 Oct 2015 23:40:51 GMT] "[36mGET[39m [36m/assets/libs/traceur-runtime.js[39m" "Mozilla/5.0 (Macintosh; Intel Mac OS X 10_10_3) AppleWebKit/537.36 (KHTML, like Gecko) Chrome/45.0.2454.101 Safari/537.36"
[Wed, 14 Oct 2015 23:40:51 GMT] "[36mGET[39m [36m/assets/libs/es6-module-loader.js[39m" "Mozilla/5.0 (Macintosh; Intel Mac OS X 10_10_3) AppleWebKit/537.36 (KHTML, like Gecko) Chrome/45.0.2454.101 Safari/537.36"
[Wed, 14 Oct 2015 23:40:51 GMT] "[36mGET[39m [36m/assets/libs/system.src.js[39m" "Mozilla/5.0 (Macintosh; Intel Mac OS X 10_10_3) AppleWebKit/537.36 (KHTML, like Gecko) Chrome/45.0.2454.101 Safari/537.36"
[Wed, 14 Oct 2015 23:40:51 GMT] "[36mGET[39m [36m/assets/libs/jquery-2.1.4.min.js[39m" "Mozilla/5.0 (Macintosh; Intel Mac OS X 10_10_3) AppleWebKit/537.36 (KHTML, like Gecko) Chrome/45.0.2454.101 Safari/537.36"
[Wed, 14 Oct 2015 23:40:51 GMT] "[36mGET[39m [36m/assets/libs/angular2.dev.js[39m" "Mozilla/5.0 (Macintosh; Intel Mac OS X 10_10_3) AppleWebKit/537.36 (KHTML, like Gecko) Chrome/45.0.2454.101 Safari/537.36"
[Wed, 14 Oct 2015 23:40:51 GMT] "[36mGET[39m [36m/build/bundle.js[39m" "Mozilla/5.0 (Macintosh; Intel Mac OS X 10_10_3) AppleWebKit/537.36 (KHTML, like Gecko) Chrome/45.0.2454.101 Safari/537.36"
[Wed, 14 Oct 2015 23:40:51 GMT] "[36mGET[39m [36m/assets/libs/bootstrap.min.css[39m" "Mozilla/5.0 (Macintosh; Intel Mac OS X 10_10_3) AppleWebKit/537.36 (KHTML, like Gecko) Chrome/45.0.2454.101 Safari/537.36"
[Wed, 14 Oct 2015 23:40:57 GMT] "[36mGET[39m [36m/assets/img/favicon.ico[39m" "Mozilla/5.0 (Macintosh; Intel Mac OS X 10_10_3) AppleWebKit/537.36 (KHTML, like Gecko) Chrome/45.0.2454.101 Safari/537.36"
[Wed, 14 Oct 2015 23:40:57 GMT] "[31mGET[39m [31m/assets/img/favicon.ico[39m" Error ([31m404[39m): "[31mNot found[39m"
[Wed, 14 Oct 2015 23:41:08 GMT] "[36mGET[39m [36m/[39m" "Mozilla/5.0 (Macintosh; Intel Mac OS X 10_10_3) AppleWebKit/537.36 (KHTML, like Gecko) Chrome/45.0.2454.101 Safari/537.36"
[Wed, 14 Oct 2015 23:41:08 GMT] "[36mGET[39m [36m/assets/libs/traceur-runtime.js[39m" "Mozilla/5.0 (Macintosh; Intel Mac OS X 10_10_3) AppleWebKit/537.36 (KHTML, like Gecko) Chrome/45.0.2454.101 Safari/537.36"
[Wed, 14 Oct 2015 23:41:08 GMT] "[36mGET[39m [36m/assets/libs/es6-module-loader.js[39m" "Mozilla/5.0 (Macintosh; Intel Mac OS X 10_10_3) AppleWebKit/537.36 (KHTML, like Gecko) Chrome/45.0.2454.101 Safari/537.36"
[Wed, 14 Oct 2015 23:41:08 GMT] "[36mGET[39m [36m/assets/libs/system.src.js[39m" "Mozilla/5.0 (Macintosh; Intel Mac OS X 10_10_3) AppleWebKit/537.36 (KHTML, like Gecko) Chrome/45.0.2454.101 Safari/537.36"
[Wed, 14 Oct 2015 23:41:08 GMT] "[36mGET[39m [36m/assets/libs/jquery-2.1.4.min.js[39m" "Mozilla/5.0 (Macintosh; Intel Mac OS X 10_10_3) AppleWebKit/537.36 (KHTML, like Gecko) Chrome/45.0.2454.101 Safari/537.36"
[Wed, 14 Oct 2015 23:41:08 GMT] "[36mGET[39m [36m/assets/libs/angular2.dev.js[39m" "Mozilla/5.0 (Macintosh; Intel Mac OS X 10_10_3) AppleWebKit/537.36 (KHTML, like Gecko) Chrome/45.0.2454.101 Safari/537.36"
[Wed, 14 Oct 2015 23:41:08 GMT] "[36mGET[39m [36m/build/bundle.js[39m" "Mozilla/5.0 (Macintosh; Intel Mac OS X 10_10_3) AppleWebKit/537.36 (KHTML, like Gecko) Chrome/45.0.2454.101 Safari/537.36"
[Wed, 14 Oct 2015 23:41:08 GMT] "[36mGET[39m [36m/assets/libs/bootstrap.min.css[39m" "Mozilla/5.0 (Macintosh; Intel Mac OS X 10_10_3) AppleWebKit/537.36 (KHTML, like Gecko) Chrome/45.0.2454.101 Safari/537.36"
[Wed, 14 Oct 2015 23:41:13 GMT] "[36mGET[39m [36m/assets/img/favicon.ico[39m" "Mozilla/5.0 (Macintosh; Intel Mac OS X 10_10_3) AppleWebKit/537.36 (KHTML, like Gecko) Chrome/45.0.2454.101 Safari/537.36"
[Wed, 14 Oct 2015 23:41:13 GMT] "[31mGET[39m [31m/assets/img/favicon.ico[39m" Error ([31m404[39m): "[31mNot found[39m"
[Wed, 14 Oct 2015 23:44:45 GMT] "[36mGET[39m [36m/[39m" "Mozilla/5.0 (Macintosh; Intel Mac OS X 10_10_3) AppleWebKit/537.36 (KHTML, like Gecko) Chrome/45.0.2454.101 Safari/537.36"
[Wed, 14 Oct 2015 23:44:45 GMT] "[36mGET[39m [36m/assets/libs/traceur-runtime.js[39m" "Mozilla/5.0 (Macintosh; Intel Mac OS X 10_10_3) AppleWebKit/537.36 (KHTML, like Gecko) Chrome/45.0.2454.101 Safari/537.36"
[Wed, 14 Oct 2015 23:44:45 GMT] "[36mGET[39m [36m/assets/libs/es6-module-loader.js[39m" "Mozilla/5.0 (Macintosh; Intel Mac OS X 10_10_3) AppleWebKit/537.36 (KHTML, like Gecko) Chrome/45.0.2454.101 Safari/537.36"
[Wed, 14 Oct 2015 23:44:45 GMT] "[36mGET[39m [36m/assets/libs/system.src.js[39m" "Mozilla/5.0 (Macintosh; Intel Mac OS X 10_10_3) AppleWebKit/537.36 (KHTML, like Gecko) Chrome/45.0.2454.101 Safari/537.36"
[Wed, 14 Oct 2015 23:44:45 GMT] "[36mGET[39m [36m/assets/libs/jquery-2.1.4.min.js[39m" "Mozilla/5.0 (Macintosh; Intel Mac OS X 10_10_3) AppleWebKit/537.36 (KHTML, like Gecko) Chrome/45.0.2454.101 Safari/537.36"
[Wed, 14 Oct 2015 23:44:45 GMT] "[36mGET[39m [36m/assets/libs/angular2.dev.js[39m" "Mozilla/5.0 (Macintosh; Intel Mac OS X 10_10_3) AppleWebKit/537.36 (KHTML, like Gecko) Chrome/45.0.2454.101 Safari/537.36"
[Wed, 14 Oct 2015 23:44:45 GMT] "[36mGET[39m [36m/build/bundle.js[39m" "Mozilla/5.0 (Macintosh; Intel Mac OS X 10_10_3) AppleWebKit/537.36 (KHTML, like Gecko) Chrome/45.0.2454.101 Safari/537.36"
[Wed, 14 Oct 2015 23:44:45 GMT] "[36mGET[39m [36m/assets/libs/bootstrap.min.css[39m" "Mozilla/5.0 (Macintosh; Intel Mac OS X 10_10_3) AppleWebKit/537.36 (KHTML, like Gecko) Chrome/45.0.2454.101 Safari/537.36"
[Wed, 14 Oct 2015 23:44:45 GMT] "[36mGET[39m [36m/assets/libs/bootstrap3-typeahead.js[39m" "Mozilla/5.0 (Macintosh; Intel Mac OS X 10_10_3) AppleWebKit/537.36 (KHTML, like Gecko) Chrome/45.0.2454.101 Safari/537.36"
[Wed, 14 Oct 2015 23:44:48 GMT] "[36mGET[39m [36m/assets/img/favicon.ico[39m" "Mozilla/5.0 (Macintosh; Intel Mac OS X 10_10_3) AppleWebKit/537.36 (KHTML, like Gecko) Chrome/45.0.2454.101 Safari/537.36"
[Wed, 14 Oct 2015 23:44:48 GMT] "[31mGET[39m [31m/assets/img/favicon.ico[39m" Error ([31m404[39m): "[31mNot found[39m"
